HealthAPP/app/build/intermediates/manifest_merge_blame_file/debug/manifest-merger-blame-debug-report.txt
1<?xml version="1.0" encoding="utf-8"?>
2<manifest xmlns:android="http://schemas.android.com/apk/res/android"
3    package="com.example.healthapp"
4    android:versionCode="1"
5    android:versionName="1.0" >
6
7    <uses-sdk
8        android:minSdkVersion="16"
8-->src/main/AndroidManifest.xml
9        android:targetSdkVersion="30" />
9-->src/main/AndroidManifest.xml
10
11    <!-- 授权访问网络 -->
12    <uses-permission android:name="android.permission.INTERNET" />
12-->src/main/AndroidManifest.xml:6:5-66
12-->src/main/AndroidManifest.xml:6:22-64
13    <uses-permission android:name="android.permission.CALL_PHONE" />
13-->src/main/AndroidManifest.xml:8:5-85
13-->src/main/AndroidManifest.xml:8:22-66
14    <uses-permission android:name="android.permission.READ_CALL_LOG" />
14-->src/main/AndroidManifest.xml:9:5-72
14-->src/main/AndroidManifest.xml:9:22-69
15    <uses-permission android:name="android.permission.READ_CONTACTS" />
15-->src/main/AndroidManifest.xml:10:5-72
15-->src/main/AndroidManifest.xml:10:22-69
16
17    <application
17-->src/main/AndroidManifest.xml:12:5-82:19
18        android:allowBackup="true"
18-->src/main/AndroidManifest.xml:14:9-35
19        android:appComponentFactory="androidx.core.app.CoreComponentFactory"
19-->[androidx.core:core:1.1.0] AndroidManifest.xml:24:18-86
20        android:debuggable="true"
21        android:icon="@mipmap/ic_launcher"
21-->src/main/AndroidManifest.xml:15:9-43
22        android:roundIcon="@mipmap/ic_launcher_round"
22-->src/main/AndroidManifest.xml:16:9-54
23        android:supportsRtl="true"
23-->src/main/AndroidManifest.xml:17:9-35
24        android:testOnly="true"
25        android:theme="@style/Theme.HealthAPP"
25-->src/main/AndroidManifest.xml:18:9-47
26        android:usesCleartextTraffic="true" >
26-->src/main/AndroidManifest.xml:13:9-44
27        <uses-library
27-->src/main/AndroidManifest.xml:20:9-87
28            android:name="org.apache.http.legacy"
28-->src/main/AndroidManifest.xml:20:23-60
29            android:required="false" />
29-->src/main/AndroidManifest.xml:20:61-85
30
31        <activity
31-->src/main/AndroidManifest.xml:22:9-30:20
32            android:name="com.example.healthapp.MainActivity"
32-->src/main/AndroidManifest.xml:23:13-41
33            android:label="@string/app_name" >
33-->src/main/AndroidManifest.xml:24:13-45
34            <intent-filter>
34-->src/main/AndroidManifest.xml:25:13-29:29
35                <action android:name="android.intent.action.MAIN" />
35-->src/main/AndroidManifest.xml:26:17-69
35-->src/main/AndroidManifest.xml:26:25-66
36
37                <category android:name="android.intent.category.LAUNCHER" />
37-->src/main/AndroidManifest.xml:28:17-77
37-->src/main/AndroidManifest.xml:28:27-74
38            </intent-filter>
39        </activity>
40        <activity
40-->src/main/AndroidManifest.xml:32:9-40:20
41            android:name="com.example.healthapp.SittingPostureActivity"
41-->src/main/AndroidManifest.xml:33:13-51
42            android:label="SittingPostureActivity" >
42-->src/main/AndroidManifest.xml:34:13-51
43            <intent-filter>
43-->src/main/AndroidManifest.xml:35:13-39:29
44                <action android:name="getSittingPostureActivity" />
44-->src/main/AndroidManifest.xml:36:17-67
44-->src/main/AndroidManifest.xml:36:25-65
45
46                <category android:name="android.intent.category.DEFAULT" />
46-->src/main/AndroidManifest.xml:37:17-75
46-->src/main/AndroidManifest.xml:37:27-73
47            </intent-filter>
48        </activity>
49        <activity
49-->src/main/AndroidManifest.xml:42:9-49:20
50            android:name="com.example.healthapp.SittingTimeActivity"
50-->src/main/AndroidManifest.xml:43:13-48
51            android:label="SittingTimeActivity" >
51-->src/main/AndroidManifest.xml:44:13-48
52            <intent-filter>
52-->src/main/AndroidManifest.xml:45:13-48:29
53                <action android:name="getSittingTimeActivity" />
53-->src/main/AndroidManifest.xml:46:17-64
53-->src/main/AndroidManifest.xml:46:25-62
54
55                <category android:name="android.intent.category.DEFAULT" />
55-->src/main/AndroidManifest.xml:37:17-75
55-->src/main/AndroidManifest.xml:37:27-73
56            </intent-filter>
57        </activity>
58        <activity
58-->src/main/AndroidManifest.xml:51:9-58:20
59            android:name="com.example.healthapp.GaitAnalysisActivity"
59-->src/main/AndroidManifest.xml:52:13-49
60            android:label="GaitAnalysisActivity" >
60-->src/main/AndroidManifest.xml:53:13-49
61            <intent-filter>
61-->src/main/AndroidManifest.xml:54:13-57:29
62                <action android:name="getGaitAnalysisActivity" />
62-->src/main/AndroidManifest.xml:55:17-65
62-->src/main/AndroidManifest.xml:55:25-63
63
64                <category android:name="android.intent.category.DEFAULT" />
64-->src/main/AndroidManifest.xml:37:17-75
64-->src/main/AndroidManifest.xml:37:27-73
65            </intent-filter>
66        </activity>
67        <activity
67-->src/main/AndroidManifest.xml:60:9-67:20
68            android:name="com.example.healthapp.ExerciseRecordActivity"
68-->src/main/AndroidManifest.xml:61:13-51
69            android:label="ExerciseRecordActivity" >
69-->src/main/AndroidManifest.xml:62:13-51
70            <intent-filter>
70-->src/main/AndroidManifest.xml:63:13-66:29
71                <action android:name="getExerciseRecordActivity" />
71-->src/main/AndroidManifest.xml:64:17-67
71-->src/main/AndroidManifest.xml:64:25-65
72
73                <category android:name="android.intent.category.DEFAULT" />
73-->src/main/AndroidManifest.xml:37:17-75
73-->src/main/AndroidManifest.xml:37:27-73
74            </intent-filter>
75        </activity>
76        <activity
76-->src/main/AndroidManifest.xml:69:9-76:20
77            android:name="com.example.healthapp.ContactInfoActivity"
77-->src/main/AndroidManifest.xml:70:13-48
78            android:label="ContactInfoActivity" >
78-->src/main/AndroidManifest.xml:71:13-48
79            <intent-filter>
79-->src/main/AndroidManifest.xml:72:13-75:29
80                <action android:name="getContactInfoActivity" />
80-->src/main/AndroidManifest.xml:73:17-64
80-->src/main/AndroidManifest.xml:73:25-62
81
82                <category android:name="android.intent.category.DEFAULT" />
82-->src/main/AndroidManifest.xml:37:17-75
82-->src/main/AndroidManifest.xml:37:27-73
83            </intent-filter>
84        </activity>
85
86        <provider
86-->src/main/AndroidManifest.xml:77:9-81:43
87            android:name="com.example.healthapp.HealthAppProvider"
87-->src/main/AndroidManifest.xml:78:13-46
88            android:authorities="com.example.healthapp"
88-->src/main/AndroidManifest.xml:79:13-56
89            android:exported="true"
89-->src/main/AndroidManifest.xml:80:13-36
90            android:multiprocess="true" />
90-->src/main/AndroidManifest.xml:81:13-40
91    </application>
92
93</manifest>